This is cutadapt 4.6 with Python 3.10.16
Command line parameters: -Z --cores 4 --discard-untrimmed --minimum-length 1 -g GTGYCAGCMGCCGCGGTAA...ATTAGAWACCCBNGTAGTCC -o assignTaxonomy.trim.fastq.gz assignTaxonomy.fna
Processing single-end reads on 4 cores ...
Finished in 0.614 s (15.095 µs/read; 3.97 M reads/minute).

=== Summary ===

Total reads processed:                  40,660
Reads with adapters:                    17,772 (43.7%)

== Read fate breakdown ==
Reads that were too short:                   0 (0.0%)
Reads discarded as untrimmed:           22,888 (56.3%)
Reads written (passing filters):        17,772 (43.7%)

Total basepairs processed:    52,197,725 bp
Total written (filtered):      4,575,891 bp (8.8%)

=== Adapter 1 ===

Sequence: GTGYCAGCMGCCGCGGTAA...ATTAGAWACCCBNGTAGTCC; Type: linked; Length: 19+20; 5' trimmed: 17772 times; 3' trimmed: 17772 times

Minimum overlap: 3+3
No. of allowed errors:
1-9 bp: 0; 10-19 bp: 1

No. of allowed errors:
1-9 bp: 0; 10-19 bp: 1

Overview of removed sequences at 5' end
length	count	expect	max.err	error counts
3	16	635.3	0	16
4	4	158.8	0	4
5	2	39.7	0	2
9	1	0.2	0	1
11	1	0.0	1	1
13	1	0.0	1	1
14	1	0.0	1	1
15	3	0.0	1	2 1
17	1	0.0	1	1
21	1	0.0	1	1
27	1	0.0	1	1
29	1	0.0	1	1
32	1	0.0	1	1
33	1	0.0	1	1
34	4	0.0	1	4
35	4	0.0	1	4
37	1	0.0	1	1
38	3	0.0	1	3
39	3	0.0	1	3
40	1	0.0	1	0 1
41	1	0.0	1	1
44	1	0.0	1	0 1
46	1	0.0	1	0 1
47	2	0.0	1	2
49	1	0.0	1	1
51	3	0.0	1	3
52	15	0.0	1	15
53	40	0.0	1	40
54	16	0.0	1	16
55	14	0.0	1	14
56	4	0.0	1	4
57	6	0.0	1	6
58	11	0.0	1	11
59	2	0.0	1	2
60	1	0.0	1	1
63	1	0.0	1	1
65	1	0.0	1	1
67	1	0.0	1	1
69	2	0.0	1	2
72	1	0.0	1	1
77	1	0.0	1	0 1
78	1	0.0	1	1
80	1	0.0	1	1
81	2	0.0	1	2
86	1	0.0	1	1
87	1	0.0	1	1
94	1	0.0	1	1
96	1	0.0	1	1
97	1	0.0	1	1
98	1	0.0	1	1
99	1	0.0	1	1
102	1	0.0	1	1
103	1	0.0	1	1
105	1	0.0	1	1
106	1	0.0	1	1
109	1	0.0	1	0 1
111	1	0.0	1	1
112	1	0.0	1	1
115	1	0.0	1	1
117	1	0.0	1	1
118	1	0.0	1	1
122	3	0.0	1	3
123	1	0.0	1	1
125	1	0.0	1	1
126	1	0.0	1	1
129	1	0.0	1	1
130	4	0.0	1	4
131	1	0.0	1	1
135	2	0.0	1	2
136	1	0.0	1	1
139	1	0.0	1	1
140	3	0.0	1	3
141	4	0.0	1	4
142	2	0.0	1	2
144	1	0.0	1	1
146	1	0.0	1	1
147	5	0.0	1	4 1
148	1	0.0	1	1
149	1	0.0	1	1
150	2	0.0	1	2
152	2	0.0	1	2
154	1	0.0	1	1
155	2	0.0	1	2
157	2	0.0	1	2
158	1	0.0	1	1
159	2	0.0	1	2
160	1	0.0	1	1
161	2	0.0	1	2
162	1	0.0	1	1
163	2	0.0	1	1 1
167	3	0.0	1	3
169	2	0.0	1	1 1
170	1	0.0	1	1
171	1	0.0	1	1
172	2	0.0	1	2
174	2	0.0	1	1 1
177	1	0.0	1	1
178	1	0.0	1	1
179	1	0.0	1	1
181	1	0.0	1	1
182	1	0.0	1	0 1
183	2	0.0	1	1 1
184	3	0.0	1	3
185	1	0.0	1	1
187	3	0.0	1	3
189	2	0.0	1	2
191	1	0.0	1	1
194	1	0.0	1	1
197	3	0.0	1	2 1
199	3	0.0	1	3
200	2	0.0	1	2
201	1	0.0	1	1
202	3	0.0	1	2 1
203	1	0.0	1	1
204	1	0.0	1	1
206	2	0.0	1	2
207	1	0.0	1	1
208	1	0.0	1	1
209	2	0.0	1	2
210	1	0.0	1	0 1
211	3	0.0	1	3
212	1	0.0	1	1
215	2	0.0	1	1 1
216	2	0.0	1	2
217	1	0.0	1	1
219	2	0.0	1	2
220	1	0.0	1	1
221	2	0.0	1	2
222	3	0.0	1	3
223	4	0.0	1	4
224	3	0.0	1	3
225	3	0.0	1	2 1
227	6	0.0	1	6
228	2	0.0	1	2
229	2	0.0	1	2
231	1	0.0	1	1
232	1	0.0	1	1
236	2	0.0	1	2
240	2	0.0	1	2
241	4	0.0	1	4
242	8	0.0	1	8
243	3	0.0	1	3
244	1	0.0	1	1
245	5	0.0	1	5
246	1	0.0	1	1
247	8	0.0	1	8
249	2	0.0	1	1 1
250	5	0.0	1	5
251	3	0.0	1	2 1
252	2	0.0	1	2
253	1	0.0	1	1
259	3	0.0	1	3
260	1	0.0	1	1
261	3	0.0	1	3
262	9	0.0	1	9
263	3	0.0	1	3
265	2	0.0	1	2
266	1	0.0	1	1
267	4	0.0	1	4
268	1	0.0	1	1
269	6	0.0	1	6
271	1	0.0	1	1
272	3	0.0	1	3
273	5	0.0	1	5
274	5	0.0	1	5
275	2	0.0	1	2
276	1	0.0	1	1
280	1	0.0	1	1
281	2	0.0	1	2
282	5	0.0	1	5
283	2	0.0	1	2
285	1	0.0	1	1
286	2	0.0	1	2
287	2	0.0	1	2
288	5	0.0	1	5
289	5	0.0	1	5
290	2	0.0	1	2
291	1	0.0	1	1
292	1	0.0	1	1
293	1	0.0	1	1
294	1	0.0	1	1
295	2	0.0	1	2
296	1	0.0	1	1
297	2	0.0	1	2
298	3	0.0	1	3
299	11	0.0	1	11
300	6	0.0	1	6
301	11	0.0	1	10 1
302	8	0.0	1	8
303	4	0.0	1	4
304	9	0.0	1	9
305	12	0.0	1	12
306	8	0.0	1	8
307	4	0.0	1	4
308	7	0.0	1	7
309	5	0.0	1	5
310	4	0.0	1	4
311	3	0.0	1	3
312	6	0.0	1	5 1
313	4	0.0	1	4
314	10	0.0	1	10
315	18	0.0	1	18
316	12	0.0	1	12
317	11	0.0	1	11
318	12	0.0	1	12
319	14	0.0	1	14
320	7	0.0	1	7
321	4	0.0	1	4
322	6	0.0	1	6
323	3	0.0	1	2 1
324	4	0.0	1	4
325	2	0.0	1	2
326	1	0.0	1	1
328	1	0.0	1	1
329	3	0.0	1	3
330	2	0.0	1	2
331	2	0.0	1	2
332	4	0.0	1	4
333	3	0.0	1	3
335	3	0.0	1	3
336	2	0.0	1	2
337	1	0.0	1	1
339	2	0.0	1	1 1
342	2	0.0	1	2
344	3	0.0	1	3
345	2	0.0	1	2
347	1	0.0	1	1
348	3	0.0	1	3
349	1	0.0	1	1
354	1	0.0	1	1
358	2	0.0	1	2
360	1	0.0	1	1
361	1	0.0	1	1
363	1	0.0	1	0 1
364	2	0.0	1	2
365	1	0.0	1	1
367	1	0.0	1	1
368	5	0.0	1	5
370	3	0.0	1	3
371	3	0.0	1	3
372	1	0.0	1	1
373	2	0.0	1	1 1
374	2	0.0	1	2
377	1	0.0	1	1
378	6	0.0	1	6
379	1	0.0	1	1
380	2	0.0	1	2
381	2	0.0	1	2
382	2	0.0	1	2
383	2	0.0	1	2
384	1	0.0	1	1
385	4	0.0	1	4
386	1	0.0	1	1
388	1	0.0	1	1
389	3	0.0	1	3
390	4	0.0	1	4
391	5	0.0	1	5
392	4	0.0	1	4
393	2	0.0	1	2
394	6	0.0	1	6
395	6	0.0	1	5 1
396	2	0.0	1	2
397	3	0.0	1	3
398	4	0.0	1	4
399	3	0.0	1	3
400	3	0.0	1	3
401	3	0.0	1	3
402	2	0.0	1	2
403	1	0.0	1	1
404	1	0.0	1	1
405	3	0.0	1	3
406	1	0.0	1	1
407	2	0.0	1	2
408	1	0.0	1	1
409	2	0.0	1	2
410	2	0.0	1	2
411	13	0.0	1	13
412	9	0.0	1	9
413	5	0.0	1	5
414	12	0.0	1	12
415	5	0.0	1	5
416	8	0.0	1	8
417	12	0.0	1	12
418	8	0.0	1	8
419	6	0.0	1	6
420	1	0.0	1	1
421	1	0.0	1	1
422	2	0.0	1	1 1
423	1	0.0	1	0 1
424	3	0.0	1	3
425	5	0.0	1	5
426	5	0.0	1	4 1
427	3	0.0	1	3
428	6	0.0	1	6
429	12	0.0	1	12
430	5	0.0	1	5
431	5	0.0	1	5
432	7	0.0	1	7
433	6	0.0	1	6
434	16	0.0	1	16
435	4	0.0	1	4
436	5	0.0	1	5
437	5	0.0	1	5
438	4	0.0	1	3 1
439	2	0.0	1	2
440	7	0.0	1	7
441	6	0.0	1	6
442	20	0.0	1	20
443	18	0.0	1	18
444	11	0.0	1	11
445	11	0.0	1	11
446	14	0.0	1	14
447	3	0.0	1	3
448	10	0.0	1	9 1
449	8	0.0	1	8
450	6	0.0	1	6
451	8	0.0	1	8
452	8	0.0	1	8
453	5	0.0	1	5
454	5	0.0	1	5
455	6	0.0	1	5 1
456	7	0.0	1	7
457	7	0.0	1	7
458	10	0.0	1	10
459	6	0.0	1	5 1
460	9	0.0	1	9
461	24	0.0	1	23 1
462	41	0.0	1	41
463	37	0.0	1	36 1
464	68	0.0	1	67 1
465	56	0.0	1	54 2
466	46	0.0	1	44 2
467	33	0.0	1	32 1
468	177	0.0	1	173 4
469	527	0.0	1	524 3
470	373	0.0	1	360 13
471	1043	0.0	1	1034 9
472	513	0.0	1	506 7
473	350	0.0	1	344 6
474	76	0.0	1	73 3
475	81	0.0	1	72 9
476	38	0.0	1	33 5
477	24	0.0	1	22 2
478	19	0.0	1	17 2
479	20	0.0	1	17 3
480	33	0.0	1	25 8
481	41	0.0	1	40 1
482	69	0.0	1	59 10
483	47	0.0	1	40 7
484	63	0.0	1	55 8
485	67	0.0	1	55 12
486	54	0.0	1	52 2
487	62	0.0	1	53 9
488	82	0.0	1	75 7
489	72	0.0	1	68 4
490	54	0.0	1	32 22
491	56	0.0	1	49 7
492	60	0.0	1	57 3
493	33	0.0	1	27 6
494	41	0.0	1	38 3
495	34	0.0	1	32 2
496	90	0.0	1	85 5
497	58	0.0	1	58
498	72	0.0	1	68 4
499	90	0.0	1	85 5
500	439	0.0	1	432 7
501	412	0.0	1	403 9
502	304	0.0	1	284 20
503	307	0.0	1	289 18
504	276	0.0	1	259 17
505	235	0.0	1	224 11
506	303	0.0	1	291 12
507	276	0.0	1	263 13
508	193	0.0	1	186 7
509	151	0.0	1	143 8
510	97	0.0	1	92 5
511	92	0.0	1	88 4
512	75	0.0	1	70 5
513	102	0.0	1	76 26
514	113	0.0	1	99 14
515	198	0.0	1	196 2
516	136	0.0	1	132 4
517	336	0.0	1	335 1
518	209	0.0	1	209
519	306	0.0	1	299 7
520	420	0.0	1	416 4
521	387	0.0	1	385 2
522	1066	0.0	1	1063 3
523	393	0.0	1	388 5
524	539	0.0	1	536 3
525	186	0.0	1	178 8
526	426	0.0	1	421 5
527	281	0.0	1	279 2
528	354	0.0	1	351 3
529	339	0.0	1	337 2
530	132	0.0	1	130 2
531	134	0.0	1	130 4
532	89	0.0	1	84 5
533	151	0.0	1	147 4
534	123	0.0	1	117 6
535	191	0.0	1	187 4
536	173	0.0	1	172 1
537	136	0.0	1	127 9
538	196	0.0	1	190 6
539	164	0.0	1	159 5
540	117	0.0	1	115 2
541	112	0.0	1	104 8
542	68	0.0	1	60 8
543	92	0.0	1	90 2
544	78	0.0	1	77 1
545	58	0.0	1	58
546	89	0.0	1	88 1
547	48	0.0	1	46 2
548	44	0.0	1	41 3
549	40	0.0	1	39 1
550	47	0.0	1	44 3
551	47	0.0	1	46 1
552	34	0.0	1	33 1
553	38	0.0	1	38
554	28	0.0	1	28
555	13	0.0	1	13
556	12	0.0	1	12
557	18	0.0	1	17 1
558	14	0.0	1	14
559	13	0.0	1	13
560	20	0.0	1	20
561	34	0.0	1	33 1
562	17	0.0	1	16 1
563	15	0.0	1	15
564	11	0.0	1	11
565	3	0.0	1	3
566	3	0.0	1	2 1
567	13	0.0	1	12 1
568	5	0.0	1	5
569	5	0.0	1	2 3
570	7	0.0	1	7
571	4	0.0	1	2 2
572	5	0.0	1	5
573	5	0.0	1	4 1
574	6	0.0	1	4 2
575	4	0.0	1	3 1
576	3	0.0	1	3
577	16	0.0	1	16
578	1	0.0	1	1
579	5	0.0	1	5
580	17	0.0	1	17
581	9	0.0	1	8 1
582	1	0.0	1	1
583	4	0.0	1	3 1
584	6	0.0	1	3 3
585	6	0.0	1	1 5
586	5	0.0	1	1 4
587	4	0.0	1	2 2
589	3	0.0	1	2 1
590	6	0.0	1	4 2
591	2	0.0	1	1 1
592	5	0.0	1	2 3
593	2	0.0	1	0 2
594	2	0.0	1	1 1
595	2	0.0	1	1 1
596	4	0.0	1	3 1
597	1	0.0	1	1
598	2	0.0	1	1 1
600	3	0.0	1	3
601	3	0.0	1	2 1
603	1	0.0	1	1
604	4	0.0	1	3 1
605	1	0.0	1	0 1
606	4	0.0	1	4
608	1	0.0	1	0 1
611	1	0.0	1	1
612	3	0.0	1	3
613	2	0.0	1	1 1
614	1	0.0	1	0 1
615	1	0.0	1	1
616	4	0.0	1	2 2
618	3	0.0	1	1 2
620	3	0.0	1	3
621	2	0.0	1	1 1
622	3	0.0	1	2 1
623	2	0.0	1	1 1
624	1	0.0	1	0 1
626	5	0.0	1	5
627	2	0.0	1	2
628	2	0.0	1	1 1
629	1	0.0	1	1
630	2	0.0	1	2
631	1	0.0	1	1
633	1	0.0	1	0 1
634	1	0.0	1	1
635	1	0.0	1	1
638	1	0.0	1	1
639	3	0.0	1	3
640	3	0.0	1	2 1
642	3	0.0	1	3
643	1	0.0	1	0 1
644	1	0.0	1	1
646	1	0.0	1	1
647	3	0.0	1	3
648	1	0.0	1	0 1
649	3	0.0	1	2 1
650	1	0.0	1	0 1
652	1	0.0	1	1
653	1	0.0	1	1
654	1	0.0	1	1
655	1	0.0	1	1
663	1	0.0	1	1
664	1	0.0	1	1
667	3	0.0	1	3
668	1	0.0	1	1
672	1	0.0	1	1
677	1	0.0	1	1
678	2	0.0	1	1 1
680	1	0.0	1	1
684	2	0.0	1	2
689	1	0.0	1	1
692	1	0.0	1	0 1
693	1	0.0	1	1
696	1	0.0	1	1
702	1	0.0	1	1
705	3	0.0	1	2 1
714	1	0.0	1	1
720	1	0.0	1	1
723	1	0.0	1	1
725	1	0.0	1	0 1
728	1	0.0	1	1
731	1	0.0	1	1
732	1	0.0	1	1
733	2	0.0	1	2
737	1	0.0	1	1
742	1	0.0	1	0 1
744	1	0.0	1	1
748	1	0.0	1	1
749	1	0.0	1	1
761	1	0.0	1	1
763	1	0.0	1	0 1
770	1	0.0	1	1
771	1	0.0	1	1
777	1	0.0	1	1
782	1	0.0	1	0 1
785	1	0.0	1	0 1
791	1	0.0	1	1
792	2	0.0	1	1 1
794	1	0.0	1	1
795	1	0.0	1	1
798	1	0.0	1	1
816	1	0.0	1	1
821	1	0.0	1	1
837	1	0.0	1	1
856	1	0.0	1	0 1
902	1	0.0	1	0 1
903	1	0.0	1	1
912	1	0.0	1	0 1
936	1	0.0	1	1
938	1	0.0	1	1
950	1	0.0	1	1
962	1	0.0	1	1
983	1	0.0	1	1
984	1	0.0	1	1
999	1	0.0	1	1
1071	1	0.0	1	1



Overview of removed sequences at 3' end
length	count	expect	max.err	error counts
3	85	635.3	0	85
4	6	158.8	0	6
5	3	39.7	0	3
6	5	9.9	0	5
7	4	2.5	0	4
8	4	0.6	0	4
9	3	0.2	0	3
10	2	0.0	1	2
11	3	0.0	1	3
12	3	0.0	1	2 1
13	2	0.0	1	2
14	2	0.0	1	1 1
15	2	0.0	1	2
16	7	0.0	1	7
17	6	0.0	1	6
18	4	0.0	1	3 1
19	4	0.0	1	4
20	5	0.0	1	5
21	4	0.0	1	4
22	1	0.0	1	1
23	1	0.0	1	1
24	20	0.0	1	20
25	6	0.0	1	5 1
26	2	0.0	1	2
27	3	0.0	1	3
28	1	0.0	1	1
29	1	0.0	1	0 1
30	4	0.0	1	4
31	7	0.0	1	7
32	6	0.0	1	6
33	1	0.0	1	1
34	1	0.0	1	1
35	5	0.0	1	4 1
36	4	0.0	1	4
37	6	0.0	1	5 1
39	1	0.0	1	1
41	3	0.0	1	3
43	1	0.0	1	1
44	4	0.0	1	4
45	3	0.0	1	3
47	3	0.0	1	3
48	3	0.0	1	2 1
49	5	0.0	1	4 1
50	8	0.0	1	7 1
51	10	0.0	1	8 2
52	6	0.0	1	6
53	4	0.0	1	4
54	5	0.0	1	5
55	4	0.0	1	4
56	3	0.0	1	2 1
57	1	0.0	1	1
58	1	0.0	1	1
59	1	0.0	1	1
60	1	0.0	1	1
62	3	0.0	1	3
63	1	0.0	1	1
64	1	0.0	1	1
66	1	0.0	1	1
68	1	0.0	1	1
70	1	0.0	1	1
71	2	0.0	1	2
72	1	0.0	1	1
73	1	0.0	1	1
74	3	0.0	1	3
75	6	0.0	1	6
76	3	0.0	1	3
77	1	0.0	1	1
78	3	0.0	1	3
79	4	0.0	1	4
80	1	0.0	1	1
81	1	0.0	1	1
83	6	0.0	1	6
86	1	0.0	1	1
87	1	0.0	1	1
88	2	0.0	1	2
89	2	0.0	1	2
90	2	0.0	1	2
91	6	0.0	1	6
92	2	0.0	1	2
93	1	0.0	1	1
94	1	0.0	1	1
95	3	0.0	1	3
96	2	0.0	1	2
97	1	0.0	1	1
99	1	0.0	1	1
101	2	0.0	1	2
102	3	0.0	1	3
103	3	0.0	1	3
104	1	0.0	1	1
105	2	0.0	1	0 2
106	2	0.0	1	2
107	2	0.0	1	2
108	2	0.0	1	2
109	2	0.0	1	2
111	2	0.0	1	2
112	1	0.0	1	1
113	1	0.0	1	1
114	2	0.0	1	2
115	4	0.0	1	4
116	1	0.0	1	0 1
117	5	0.0	1	4 1
119	5	0.0	1	4 1
121	1	0.0	1	1
122	1	0.0	1	1
124	2	0.0	1	2
125	1	0.0	1	1
127	2	0.0	1	2
128	4	0.0	1	3 1
129	7	0.0	1	7
130	4	0.0	1	4
133	1	0.0	1	1
134	1	0.0	1	1
135	2	0.0	1	1 1
136	5	0.0	1	5
138	4	0.0	1	4
139	1	0.0	1	1
140	2	0.0	1	1 1
141	7	0.0	1	5 2
142	4	0.0	1	4
143	1	0.0	1	1
144	6	0.0	1	6
145	4	0.0	1	4
146	4	0.0	1	3 1
147	3	0.0	1	3
148	4	0.0	1	4
149	6	0.0	1	5 1
150	2	0.0	1	1 1
151	2	0.0	1	2
152	3	0.0	1	2 1
153	5	0.0	1	5
154	2	0.0	1	1 1
155	2	0.0	1	2
156	7	0.0	1	7
157	6	0.0	1	6
158	5	0.0	1	5
159	2	0.0	1	2
160	3	0.0	1	3
161	9	0.0	1	9
162	6	0.0	1	6
163	1	0.0	1	1
164	3	0.0	1	3
165	4	0.0	1	4
166	1	0.0	1	1
167	4	0.0	1	4
168	4	0.0	1	4
169	3	0.0	1	3
170	6	0.0	1	4 2
171	1	0.0	1	1
172	3	0.0	1	3
173	2	0.0	1	2
174	3	0.0	1	3
176	2	0.0	1	2
177	3	0.0	1	3
178	2	0.0	1	2
179	8	0.0	1	8
180	6	0.0	1	6
181	1	0.0	1	1
182	2	0.0	1	2
183	2	0.0	1	1 1
184	4	0.0	1	4
185	3	0.0	1	3
186	5	0.0	1	5
187	5	0.0	1	5
188	7	0.0	1	6 1
189	8	0.0	1	8
190	9	0.0	1	9
191	3	0.0	1	3
192	5	0.0	1	5
193	2	0.0	1	2
194	3	0.0	1	2 1
195	7	0.0	1	6 1
196	3	0.0	1	3
197	4	0.0	1	4
198	5	0.0	1	4 1
199	7	0.0	1	7
200	4	0.0	1	3 1
201	8	0.0	1	6 2
202	10	0.0	1	8 2
203	7	0.0	1	7
204	9	0.0	1	9
205	2	0.0	1	2
206	7	0.0	1	6 1
207	2	0.0	1	2
208	9	0.0	1	9
209	3	0.0	1	3
210	5	0.0	1	4 1
211	6	0.0	1	6
212	9	0.0	1	9
213	16	0.0	1	13 3
214	11	0.0	1	10 1
215	13	0.0	1	13
216	14	0.0	1	14
217	7	0.0	1	6 1
218	3	0.0	1	3
219	4	0.0	1	4
220	2	0.0	1	2
221	3	0.0	1	3
222	3	0.0	1	3
223	2	0.0	1	2
225	1	0.0	1	1
226	4	0.0	1	4
227	2	0.0	1	1 1
228	1	0.0	1	1
229	2	0.0	1	2
230	1	0.0	1	1
231	1	0.0	1	1
232	1	0.0	1	1
233	4	0.0	1	4
234	3	0.0	1	3
235	2	0.0	1	2
236	1	0.0	1	1
237	2	0.0	1	2
239	3	0.0	1	3
240	2	0.0	1	2
241	1	0.0	1	1
242	1	0.0	1	1
243	1	0.0	1	1
244	2	0.0	1	2
245	1	0.0	1	1
246	4	0.0	1	4
247	1	0.0	1	1
248	2	0.0	1	2
250	1	0.0	1	1
251	3	0.0	1	3
252	1	0.0	1	1
254	1	0.0	1	0 1
261	2	0.0	1	2
262	1	0.0	1	1
263	2	0.0	1	2
267	1	0.0	1	1
268	1	0.0	1	1
269	3	0.0	1	3
272	1	0.0	1	0 1
273	1	0.0	1	1
274	1	0.0	1	1
276	2	0.0	1	1 1
278	3	0.0	1	3
279	2	0.0	1	2
280	1	0.0	1	1
281	2	0.0	1	2
283	3	0.0	1	1 2
284	1	0.0	1	1
285	2	0.0	1	1 1
287	1	0.0	1	1
289	1	0.0	1	1
290	2	0.0	1	2
292	1	0.0	1	1
294	2	0.0	1	2
295	3	0.0	1	3
296	2	0.0	1	2
298	4	0.0	1	3 1
299	1	0.0	1	1
301	1	0.0	1	0 1
304	2	0.0	1	2
306	3	0.0	1	3
307	2	0.0	1	2
308	4	0.0	1	4
310	3	0.0	1	2 1
312	4	0.0	1	3 1
313	1	0.0	1	1
314	5	0.0	1	5
315	4	0.0	1	4
317	3	0.0	1	2 1
318	4	0.0	1	4
320	2	0.0	1	2
321	3	0.0	1	3
322	1	0.0	1	0 1
324	4	0.0	1	4
325	3	0.0	1	2 1
326	2	0.0	1	2
327	2	0.0	1	2
328	8	0.0	1	7 1
329	7	0.0	1	6 1
330	4	0.0	1	4
332	3	0.0	1	3
333	4	0.0	1	4
334	6	0.0	1	5 1
335	2	0.0	1	2
336	3	0.0	1	3
337	1	0.0	1	1
340	4	0.0	1	4
341	1	0.0	1	1
342	2	0.0	1	2
343	1	0.0	1	1
344	1	0.0	1	1
345	5	0.0	1	5
346	4	0.0	1	4
347	6	0.0	1	6
348	10	0.0	1	10
349	4	0.0	1	4
350	6	0.0	1	6
352	2	0.0	1	2
353	8	0.0	1	8
354	3	0.0	1	3
355	1	0.0	1	1
356	1	0.0	1	1
360	3	0.0	1	3
362	1	0.0	1	1
365	2	0.0	1	2
366	1	0.0	1	1
367	2	0.0	1	2
368	1	0.0	1	1
374	1	0.0	1	1
376	2	0.0	1	2
377	1	0.0	1	1
378	1	0.0	1	1
379	1	0.0	1	1
380	3	0.0	1	3
382	1	0.0	1	1
383	1	0.0	1	1
384	2	0.0	1	2
385	1	0.0	1	0 1
388	1	0.0	1	1
391	1	0.0	1	1
392	2	0.0	1	2
395	1	0.0	1	1
396	2	0.0	1	2
397	1	0.0	1	1
399	2	0.0	1	2
401	1	0.0	1	1
403	2	0.0	1	2
404	1	0.0	1	1
405	2	0.0	1	2
406	3	0.0	1	3
407	3	0.0	1	3
408	1	0.0	1	1
409	2	0.0	1	2
410	2	0.0	1	2
411	1	0.0	1	1
412	1	0.0	1	1
413	1	0.0	1	1
415	1	0.0	1	1
416	2	0.0	1	2
417	2	0.0	1	2
418	1	0.0	1	1
419	2	0.0	1	2
422	2	0.0	1	2
425	5	0.0	1	5
426	1	0.0	1	1
427	1	0.0	1	1
431	2	0.0	1	2
432	1	0.0	1	1
434	2	0.0	1	1 1
435	1	0.0	1	0 1
436	2	0.0	1	2
437	3	0.0	1	2 1
440	3	0.0	1	3
445	1	0.0	1	1
448	1	0.0	1	1
449	2	0.0	1	2
451	1	0.0	1	1
452	1	0.0	1	1
453	3	0.0	1	3
454	2	0.0	1	2
455	1	0.0	1	1
456	2	0.0	1	1 1
458	1	0.0	1	1
459	5	0.0	1	5
462	3	0.0	1	2 1
464	1	0.0	1	1
466	1	0.0	1	1
467	1	0.0	1	1
468	5	0.0	1	5
469	2	0.0	1	2
470	4	0.0	1	4
471	1	0.0	1	1
472	7	0.0	1	7
474	3	0.0	1	3
475	2	0.0	1	2
476	4	0.0	1	3 1
477	3	0.0	1	3
479	2	0.0	1	2
480	1	0.0	1	1
481	3	0.0	1	3
483	2	0.0	1	2
486	4	0.0	1	4
487	2	0.0	1	2
489	1	0.0	1	1
491	1	0.0	1	1
492	1	0.0	1	1
493	3	0.0	1	3
494	2	0.0	1	2
496	1	0.0	1	1
499	1	0.0	1	1
500	2	0.0	1	2
501	1	0.0	1	1
502	1	0.0	1	1
503	2	0.0	1	2
504	3	0.0	1	3
507	1	0.0	1	1
511	2	0.0	1	2
512	2	0.0	1	2
514	1	0.0	1	1
515	3	0.0	1	3
516	2	0.0	1	2
519	1	0.0	1	1
522	2	0.0	1	2
525	1	0.0	1	1
528	1	0.0	1	1
531	1	0.0	1	1
532	1	0.0	1	1
534	2	0.0	1	2
535	3	0.0	1	3
536	2	0.0	1	2
537	2	0.0	1	2
538	1	0.0	1	1
539	1	0.0	1	1
541	2	0.0	1	2
543	1	0.0	1	1
544	3	0.0	1	3
548	3	0.0	1	3
551	2	0.0	1	2
552	1	0.0	1	1
555	1	0.0	1	1
556	1	0.0	1	1
558	2	0.0	1	1 1
559	2	0.0	1	2
562	1	0.0	1	1
564	1	0.0	1	1
566	1	0.0	1	0 1
567	1	0.0	1	1
569	2	0.0	1	2
570	3	0.0	1	3
572	1	0.0	1	1
574	1	0.0	1	1
575	1	0.0	1	1
577	1	0.0	1	1
578	2	0.0	1	2
581	1	0.0	1	1
583	2	0.0	1	2
584	2	0.0	1	2
585	2	0.0	1	2
587	1	0.0	1	1
588	1	0.0	1	1
590	2	0.0	1	2
591	4	0.0	1	4
592	2	0.0	1	2
595	1	0.0	1	1
596	1	0.0	1	0 1
597	2	0.0	1	2
598	1	0.0	1	1
599	3	0.0	1	3
600	2	0.0	1	2
601	2	0.0	1	0 2
602	4	0.0	1	3 1
603	2	0.0	1	1 1
604	2	0.0	1	2
605	5	0.0	1	4 1
606	6	0.0	1	4 2
607	3	0.0	1	2 1
608	3	0.0	1	3
609	1	0.0	1	1
612	4	0.0	1	3 1
613	1	0.0	1	1
614	1	0.0	1	1
615	3	0.0	1	2 1
616	3	0.0	1	1 2
617	4	0.0	1	4
618	4	0.0	1	4
619	2	0.0	1	2
620	3	0.0	1	3
621	2	0.0	1	2
624	1	0.0	1	1
625	2	0.0	1	1 1
626	4	0.0	1	3 1
627	4	0.0	1	2 2
628	5	0.0	1	5
629	3	0.0	1	3
632	3	0.0	1	2 1
633	3	0.0	1	3
634	3	0.0	1	3
635	4	0.0	1	4
636	3	0.0	1	3
637	6	0.0	1	5 1
639	2	0.0	1	2
640	5	0.0	1	5
641	3	0.0	1	2 1
642	3	0.0	1	3
643	3	0.0	1	2 1
644	2	0.0	1	2
645	6	0.0	1	4 2
646	1	0.0	1	1
647	3	0.0	1	3
648	3	0.0	1	3
649	2	0.0	1	2
650	3	0.0	1	3
651	5	0.0	1	5
652	2	0.0	1	2
653	5	0.0	1	5
654	2	0.0	1	2
655	6	0.0	1	6
656	4	0.0	1	4
657	7	0.0	1	7
658	5	0.0	1	5
659	5	0.0	1	5
660	4	0.0	1	3 1
661	4	0.0	1	4
662	6	0.0	1	6
663	13	0.0	1	13
664	15	0.0	1	15
665	15	0.0	1	15
666	16	0.0	1	16
667	11	0.0	1	11
668	3	0.0	1	3
669	4	0.0	1	3 1
670	5	0.0	1	5
671	1	0.0	1	1
672	4	0.0	1	3 1
673	3	0.0	1	3
674	7	0.0	1	7
675	6	0.0	1	6
676	4	0.0	1	4
678	1	0.0	1	1
679	2	0.0	1	2
680	1	0.0	1	1
681	1	0.0	1	1
682	1	0.0	1	1
683	1	0.0	1	1
684	1	0.0	1	1
685	2	0.0	1	2
686	2	0.0	1	2
687	4	0.0	1	4
688	2	0.0	1	1 1
689	3	0.0	1	3
690	2	0.0	1	2
691	5	0.0	1	4 1
692	3	0.0	1	3
693	2	0.0	1	1 1
694	1	0.0	1	1
695	4	0.0	1	4
696	3	0.0	1	3
697	1	0.0	1	1
698	2	0.0	1	2
699	3	0.0	1	2 1
700	3	0.0	1	3
701	2	0.0	1	2
702	1	0.0	1	1
703	5	0.0	1	4 1
704	3	0.0	1	3
705	2	0.0	1	1 1
706	3	0.0	1	3
707	2	0.0	1	2
708	1	0.0	1	1
709	1	0.0	1	1
710	3	0.0	1	2 1
711	3	0.0	1	3
712	2	0.0	1	2
713	6	0.0	1	6
714	2	0.0	1	2
715	3	0.0	1	3
716	4	0.0	1	4
717	5	0.0	1	4 1
718	5	0.0	1	5
719	4	0.0	1	4
720	6	0.0	1	5 1
721	7	0.0	1	7
722	7	0.0	1	5 2
723	18	0.0	1	15 3
724	5	0.0	1	5
725	8	0.0	1	6 2
726	9	0.0	1	8 1
727	20	0.0	1	20
728	45	0.0	1	35 10
729	20	0.0	1	16 4
730	13	0.0	1	12 1
731	41	0.0	1	41
732	36	0.0	1	34 2
733	54	0.0	1	52 2
734	99	0.0	1	96 3
735	103	0.0	1	100 3
736	102	0.0	1	101 1
737	97	0.0	1	93 4
738	54	0.0	1	52 2
739	110	0.0	1	109 1
740	70	0.0	1	67 3
741	241	0.0	1	228 13
742	218	0.0	1	217 1
743	362	0.0	1	351 11
744	219	0.0	1	211 8
745	385	0.0	1	372 13
746	586	0.0	1	573 13
747	265	0.0	1	222 43
748	262	0.0	1	248 14
749	216	0.0	1	212 4
750	180	0.0	1	175 5
751	154	0.0	1	147 7
752	672	0.0	1	666 6
753	302	0.0	1	276 26
754	499	0.0	1	492 7
755	568	0.0	1	542 26
756	1141	0.0	1	1128 13
757	1883	0.0	1	1867 16
758	1089	0.0	1	1068 21
759	1704	0.0	1	1671 33
760	1058	0.0	1	1017 41
761	952	0.0	1	837 115
762	455	0.0	1	433 22
763	384	0.0	1	367 17
764	167	0.0	1	155 12
765	125	0.0	1	118 7
766	91	0.0	1	87 4
767	115	0.0	1	113 2
768	152	0.0	1	151 1
769	252	0.0	1	250 2
770	72	0.0	1	71 1
771	50	0.0	1	48 2
772	19	0.0	1	17 2
773	17	0.0	1	16 1
774	15	0.0	1	15
775	16	0.0	1	15 1
776	10	0.0	1	10
777	4	0.0	1	4
778	6	0.0	1	6
779	6	0.0	1	6
780	5	0.0	1	5
781	3	0.0	1	2 1
782	4	0.0	1	4
783	2	0.0	1	2
784	1	0.0	1	1
785	3	0.0	1	3
786	5	0.0	1	5
787	1	0.0	1	1
790	2	0.0	1	2
791	2	0.0	1	2
792	2	0.0	1	2
793	2	0.0	1	2
794	1	0.0	1	1
795	1	0.0	1	1
796	2	0.0	1	2
797	1	0.0	1	0 1
800	1	0.0	1	1
803	1	0.0	1	1
804	2	0.0	1	2
805	1	0.0	1	1
806	1	0.0	1	1
807	3	0.0	1	3
808	1	0.0	1	1
810	1	0.0	1	1
811	1	0.0	1	1
812	2	0.0	1	2
813	1	0.0	1	0 1
814	1	0.0	1	1
815	2	0.0	1	2
816	1	0.0	1	1
817	2	0.0	1	2
820	1	0.0	1	1
821	1	0.0	1	1
822	2	0.0	1	2
823	1	0.0	1	1
827	1	0.0	1	1
828	1	0.0	1	1
829	3	0.0	1	2 1
830	1	0.0	1	1
831	2	0.0	1	1 1
832	2	0.0	1	2
833	1	0.0	1	1
834	2	0.0	1	2
835	2	0.0	1	2
837	1	0.0	1	1
839	1	0.0	1	1
842	2	0.0	1	2
843	2	0.0	1	1 1
844	1	0.0	1	1
847	1	0.0	1	1
849	4	0.0	1	4
850	1	0.0	1	1
851	2	0.0	1	2
852	1	0.0	1	1
853	1	0.0	1	1
854	2	0.0	1	2
855	3	0.0	1	3
856	2	0.0	1	1 1
857	1	0.0	1	1
858	2	0.0	1	1 1
859	1	0.0	1	1
860	3	0.0	1	3
861	1	0.0	1	1
862	3	0.0	1	3
863	1	0.0	1	1
864	3	0.0	1	3
865	2	0.0	1	1 1
866	1	0.0	1	1
867	3	0.0	1	3
868	1	0.0	1	1
869	1	0.0	1	1
871	2	0.0	1	1 1
873	2	0.0	1	1 1
874	4	0.0	1	4
877	1	0.0	1	0 1
881	1	0.0	1	1
891	1	0.0	1	1
892	2	0.0	1	1 1
899	1	0.0	1	1
900	1	0.0	1	1
902	1	0.0	1	1
906	1	0.0	1	0 1
909	1	0.0	1	1
919	1	0.0	1	1
922	1	0.0	1	1
925	1	0.0	1	1
926	2	0.0	1	2
930	1	0.0	1	1
931	1	0.0	1	1
935	1	0.0	1	0 1
936	1	0.0	1	1
939	1	0.0	1	1
942	1	0.0	1	1
955	1	0.0	1	0 1
961	2	0.0	1	2
967	1	0.0	1	1
978	1	0.0	1	0 1
983	1	0.0	1	1
985	1	0.0	1	1
988	1	0.0	1	1
999	1	0.0	1	1
1014	1	0.0	1	1
1019	1	0.0	1	1
1021	1	0.0	1	1
1023	1	0.0	1	1
1024	1	0.0	1	1
1031	1	0.0	1	1
1039	1	0.0	1	1
1045	1	0.0	1	1
1048	2	0.0	1	2
1055	1	0.0	1	1
1060	1	0.0	1	1
1071	2	0.0	1	1 1
1078	1	0.0	1	1
1081	1	0.0	1	1
1103	1	0.0	1	1
1104	1	0.0	1	1
1109	1	0.0	1	1
1112	1	0.0	1	1
1140	1	0.0	1	1
1145	1	0.0	1	1
1182	1	0.0	1	1
1186	1	0.0	1	1
1203	1	0.0	1	0 1
1291	1	0.0	1	1
1344	1	0.0	1	1
1459	1	0.0	1	1
1558	1	0.0	1	1
1797	1	0.0	1	1
1831	1	0.0	1	1
1967	1	0.0	1	1
2140	1	0.0	1	1
2244	1	0.0	1	1
2391	1	0.0	1	1
2446	1	0.0	1	1
2455	1	0.0	1	1
